[INFO  - 2016-06-02T17:42:06.429Z] GhostDriver - Main - running on port 45519
[INFO  - 2016-06-02T17:42:06.846Z] Session [531eb070-28e9-11e6-94bb-1b1584c6ad53] - page.settings - {"XSSAuditingEnabled":false,"javascriptCanCloseWindows":true,"javascriptCanOpenWindows":true,"javascriptEnabled":true,"loadImages":true,"localToRemoteUrlAccessEnabled":false,"userAgent":"Mozilla/5.0 (Windows NT 6.1; WOW64) AppleWebKit/538.1 (KHTML, like Gecko) PhantomJS/2.1.1 Safari/538.1","webSecurityEnabled":true}
[INFO  - 2016-06-02T17:42:06.846Z] Session [531eb070-28e9-11e6-94bb-1b1584c6ad53] - page.customHeaders:  - {}
[INFO  - 2016-06-02T17:42:06.847Z] Session [531eb070-28e9-11e6-94bb-1b1584c6ad53] - Session.negotiatedCapabilities - {"browserName":"phantomjs","version":"2.1.1","driverName":"ghostdriver","driverVersion":"1.2.0","platform":"windows-7-32bit","javascriptEnabled":true,"takesScreenshot":true,"handlesAlerts":false,"databaseEnabled":false,"locationContextEnabled":false,"applicationCacheEnabled":false,"browserConnectionEnabled":false,"cssSelectorsEnabled":true,"webStorageEnabled":false,"rotatable":false,"acceptSslCerts":false,"nativeEvents":true,"proxy":{"proxyType":"direct"}}
[INFO  - 2016-06-02T17:42:06.847Z] SessionManagerReqHand - _postNewSessionCommand - New Session Created: 531eb070-28e9-11e6-94bb-1b1584c6ad53
[ERROR - 2016-06-02T17:42:09.519Z] WebElementLocator - _handleLocateCommand - Element(s) NOT Found: GAVE UP. Search Stop Time: 1464889329455
[INFO  - 2016-06-02T17:42:09.627Z] ShutdownReqHand - _handle - About to shutdown
[INFO  - 2016-06-02T17:45:44.778Z] GhostDriver - Main - running on port 10867
[INFO  - 2016-06-02T17:45:45.094Z] Session [d534b0f0-28e9-11e6-9655-bfb607915d4e] - page.settings - {"XSSAuditingEnabled":false,"javascriptCanCloseWindows":true,"javascriptCanOpenWindows":true,"javascriptEnabled":true,"loadImages":true,"localToRemoteUrlAccessEnabled":false,"userAgent":"Mozilla/5.0 (Windows NT 6.1; WOW64) AppleWebKit/538.1 (KHTML, like Gecko) PhantomJS/2.1.1 Safari/538.1","webSecurityEnabled":true}
[INFO  - 2016-06-02T17:45:45.094Z] Session [d534b0f0-28e9-11e6-9655-bfb607915d4e] - page.customHeaders:  - {}
[INFO  - 2016-06-02T17:45:45.095Z] Session [d534b0f0-28e9-11e6-9655-bfb607915d4e] - Session.negotiatedCapabilities - {"browserName":"phantomjs","version":"2.1.1","driverName":"ghostdriver","driverVersion":"1.2.0","platform":"windows-7-32bit","javascriptEnabled":true,"takesScreenshot":true,"handlesAlerts":false,"databaseEnabled":false,"locationContextEnabled":false,"applicationCacheEnabled":false,"browserConnectionEnabled":false,"cssSelectorsEnabled":true,"webStorageEnabled":false,"rotatable":false,"acceptSslCerts":false,"nativeEvents":true,"proxy":{"proxyType":"direct"}}
[INFO  - 2016-06-02T17:45:45.095Z] SessionManagerReqHand - _postNewSessionCommand - New Session Created: d534b0f0-28e9-11e6-9655-bfb607915d4e
[ERROR - 2016-06-02T17:45:47.710Z] WebElementLocator - _handleLocateCommand - Element(s) NOT Found: GAVE UP. Search Stop Time: 1464889547702
[INFO  - 2016-06-02T17:45:47.822Z] ShutdownReqHand - _handle - About to shutdown
[INFO  - 2016-06-02T17:52:38.447Z] GhostDriver - Main - running on port 9795
[INFO  - 2016-06-02T17:52:38.921Z] Session [cbdd8710-28ea-11e6-8828-c91dd73ffbfd] - page.settings - {"XSSAuditingEnabled":false,"javascriptCanCloseWindows":true,"javascriptCanOpenWindows":true,"javascriptEnabled":true,"loadImages":true,"localToRemoteUrlAccessEnabled":false,"userAgent":"Mozilla/5.0 (Windows NT 6.1; WOW64) AppleWebKit/538.1 (KHTML, like Gecko) PhantomJS/2.1.1 Safari/538.1","webSecurityEnabled":true}
[INFO  - 2016-06-02T17:52:38.921Z] Session [cbdd8710-28ea-11e6-8828-c91dd73ffbfd] - page.customHeaders:  - {}
[INFO  - 2016-06-02T17:52:38.921Z] Session [cbdd8710-28ea-11e6-8828-c91dd73ffbfd] - Session.negotiatedCapabilities - {"browserName":"phantomjs","version":"2.1.1","driverName":"ghostdriver","driverVersion":"1.2.0","platform":"windows-7-32bit","javascriptEnabled":true,"takesScreenshot":true,"handlesAlerts":false,"databaseEnabled":false,"locationContextEnabled":false,"applicationCacheEnabled":false,"browserConnectionEnabled":false,"cssSelectorsEnabled":true,"webStorageEnabled":false,"rotatable":false,"acceptSslCerts":false,"nativeEvents":true,"proxy":{"proxyType":"direct"}}
[INFO  - 2016-06-02T17:52:38.921Z] SessionManagerReqHand - _postNewSessionCommand - New Session Created: cbdd8710-28ea-11e6-8828-c91dd73ffbfd
[ERROR - 2016-06-02T17:52:41.566Z] WebElementLocator - _handleLocateCommand - Element(s) NOT Found: GAVE UP. Search Stop Time: 1464889961558
[INFO  - 2016-06-02T17:52:41.674Z] ShutdownReqHand - _handle - About to shutdown
[INFO  - 2016-06-02T17:53:20.656Z] GhostDriver - Main - running on port 24527
[INFO  - 2016-06-02T17:53:21.271Z] Session [e51bc700-28ea-11e6-960d-a72b6f0df3fc] - page.settings - {"XSSAuditingEnabled":false,"javascriptCanCloseWindows":true,"javascriptCanOpenWindows":true,"javascriptEnabled":true,"loadImages":true,"localToRemoteUrlAccessEnabled":false,"userAgent":"Mozilla/5.0 (Windows NT 6.1; WOW64) AppleWebKit/538.1 (KHTML, like Gecko) PhantomJS/2.1.1 Safari/538.1","webSecurityEnabled":true}
[INFO  - 2016-06-02T17:53:21.271Z] Session [e51bc700-28ea-11e6-960d-a72b6f0df3fc] - page.customHeaders:  - {}
[INFO  - 2016-06-02T17:53:21.272Z] Session [e51bc700-28ea-11e6-960d-a72b6f0df3fc] - Session.negotiatedCapabilities - {"browserName":"phantomjs","version":"2.1.1","driverName":"ghostdriver","driverVersion":"1.2.0","platform":"windows-7-32bit","javascriptEnabled":true,"takesScreenshot":true,"handlesAlerts":false,"databaseEnabled":false,"locationContextEnabled":false,"applicationCacheEnabled":false,"browserConnectionEnabled":false,"cssSelectorsEnabled":true,"webStorageEnabled":false,"rotatable":false,"acceptSslCerts":false,"nativeEvents":true,"proxy":{"proxyType":"direct"}}
[INFO  - 2016-06-02T17:53:21.272Z] SessionManagerReqHand - _postNewSessionCommand - New Session Created: e51bc700-28ea-11e6-960d-a72b6f0df3fc
[INFO  - 2016-06-02T17:53:28.936Z] ShutdownReqHand - _handle - About to shutdown
[INFO  - 2016-06-02T17:54:13.326Z] GhostDriver - Main - running on port 37334
[INFO  - 2016-06-02T17:54:13.639Z] Session [04528000-28eb-11e6-846b-138b7f25fafe] - page.settings - {"XSSAuditingEnabled":false,"javascriptCanCloseWindows":true,"javascriptCanOpenWindows":true,"javascriptEnabled":true,"loadImages":true,"localToRemoteUrlAccessEnabled":false,"userAgent":"Mozilla/5.0 (Windows NT 6.1; WOW64) AppleWebKit/538.1 (KHTML, like Gecko) PhantomJS/2.1.1 Safari/538.1","webSecurityEnabled":true}
[INFO  - 2016-06-02T17:54:13.640Z] Session [04528000-28eb-11e6-846b-138b7f25fafe] - page.customHeaders:  - {}
[INFO  - 2016-06-02T17:54:13.640Z] Session [04528000-28eb-11e6-846b-138b7f25fafe] - Session.negotiatedCapabilities - {"browserName":"phantomjs","version":"2.1.1","driverName":"ghostdriver","driverVersion":"1.2.0","platform":"windows-7-32bit","javascriptEnabled":true,"takesScreenshot":true,"handlesAlerts":false,"databaseEnabled":false,"locationContextEnabled":false,"applicationCacheEnabled":false,"browserConnectionEnabled":false,"cssSelectorsEnabled":true,"webStorageEnabled":false,"rotatable":false,"acceptSslCerts":false,"nativeEvents":true,"proxy":{"proxyType":"direct"}}
[INFO  - 2016-06-02T17:54:13.640Z] SessionManagerReqHand - _postNewSessionCommand - New Session Created: 04528000-28eb-11e6-846b-138b7f25fafe
[INFO  - 2016-06-02T17:54:16.699Z] ShutdownReqHand - _handle - About to shutdown
